undefined[07-07-2015 @ 12:38:15]--[DEBUG]--[ CURRENT VERSION IS 2.1.2
[07-07-2015 @ 12:38:15]--[DEBUG]--[ CHECKING FOR UPDATES @ http://update.atajo.co.za:80/getVersion/2.1.2
[07-07-2015 @ 12:38:16]--[DEBUG]--[ VERSION ON SERVER IS : 2.1.2
[07-07-2015 @ 12:38:52]--[DEBUG]--[ CURRENT VERSION IS 2.1.2
[07-07-2015 @ 12:38:52]--[DEBUG]--[ CHECKING FOR UPDATES @ http://update.atajo.co.za:80/getVersion/2.1.2
[07-07-2015 @ 12:38:53]--[DEBUG]--[ VERSION ON SERVER IS : 2.1.2
[07-07-2015 @ 12:40:29]--[DEBUG]--[ CURRENT VERSION IS 2.1.2
[07-07-2015 @ 12:40:29]--[DEBUG]--[ CHECKING FOR UPDATES @ http://update.atajo.co.za:80/getVersion/2.1.2
[07-07-2015 @ 12:40:30]--[DEBUG]--[ VERSION ON SERVER IS : 2.1.2
[07-07-2015 @ 12:40:30]--[INFO]---[ STARTING PROVIDER
[07-07-2015 @ 12:40:30]--[INFO]---[ 1. DEV [ http://dev-2-0.core.atajo.co.za:80 ]
[07-07-2015 @ 12:40:30]--[INFO]---[ 2. QAS [ http://qas-2-0.core.atajo.co.za:80 ]
[07-07-2015 @ 12:40:30]--[INFO]---[ 3. PRD [ http://prd-2-0.core.atajo.co.za:80 ]
[07-07-2015 @ 12:40:34]--[DEBUG]--[ RELEASE IS DEV => http://dev-2-0.core.atajo.co.za:80
[07-07-2015 @ 12:40:34]--[DEBUG]--[ CONNECTING TO : http://dev-2-0.core.atajo.co.za:80 (DEV)
[07-07-2015 @ 12:40:35]--[INFO]---[ HOOK : onConnect

[07-07-2015 @ 12:40:35]--[INFO]---[ <-----[ ATAJO PROVIDER 2.1.2 ]--[ DEV : 1.0 ]--[ RUNNING ON Bernhards-MacBook-Pro.local ]--[ CONNECTED TO http://dev-2-0.core.atajo.co.za:80 ]----->

[07-07-2015 @ 12:40:35]--[WARN]--[ ICON FILE NOT FOUND
[07-07-2015 @ 12:40:35]--[WARN]--[ LOGO FILE NOT FOUND

[07-07-2015 @ 12:40:35]--[INFO]---[ BUILDING BASE ( DEBUG IS ON - NOT COMPRESSING )
[07-07-2015 @ 12:40:35]--[INFO]---[ 				CSS SMALL
[07-07-2015 @ 12:40:35]--[INFO]---[ 				CSS LARGE
[07-07-2015 @ 12:40:35]--[INFO]---[ 				HTML
[07-07-2015 @ 12:40:36]--[INFO]---[                             RELEASE HASH --[ 837b9f8305b514a5fe282940bb082d2f ]--> UPLOADED TO CORE

[07-07-2015 @ 12:40:36]--[INFO]---[ <<<< WAITING FOR TRANSACTIONS >>>

[07-07-2015 @ 12:42:46]--[DEBUG]--[ CURRENT VERSION IS 2.1.2
[07-07-2015 @ 12:42:46]--[DEBUG]--[ CHECKING FOR UPDATES @ http://update.atajo.co.za:80/getVersion/2.1.2
[07-07-2015 @ 12:42:46]--[DEBUG]--[ VERSION ON SERVER IS : 2.1.2
[07-07-2015 @ 12:42:46]--[INFO]---[ STARTING PROVIDER
[07-07-2015 @ 12:42:46]--[INFO]---[ 1. DEV [ http://dev-2-0.core.atajo.co.za:80 ]
[07-07-2015 @ 12:42:46]--[INFO]---[ 2. QAS [ http://qas-2-0.core.atajo.co.za:80 ]
[07-07-2015 @ 12:42:46]--[INFO]---[ 3. PRD [ http://prd-2-0.core.atajo.co.za:80 ]
[07-07-2015 @ 12:42:48]--[DEBUG]--[ RELEASE IS DEV => http://dev-2-0.core.atajo.co.za:80
[07-07-2015 @ 12:42:48]--[DEBUG]--[ CONNECTING TO : http://dev-2-0.core.atajo.co.za:80 (DEV)
[07-07-2015 @ 12:42:49]--[INFO]---[ HOOK : onConnect

[07-07-2015 @ 12:42:49]--[INFO]---[ <-----[ ATAJO PROVIDER 2.1.2 ]--[ DEV : 1.0 ]--[ RUNNING ON Bernhards-MacBook-Pro.local ]--[ CONNECTED TO http://dev-2-0.core.atajo.co.za:80 ]----->

[07-07-2015 @ 12:42:49]--[WARN]--[ ICON FILE NOT FOUND
[07-07-2015 @ 12:42:49]--[WARN]--[ LOGO FILE NOT FOUND

[07-07-2015 @ 12:42:49]--[INFO]---[ BUILDING BASE ( DEBUG IS ON - NOT COMPRESSING )
[07-07-2015 @ 12:42:49]--[INFO]---[ 				CSS SMALL
[07-07-2015 @ 12:42:49]--[INFO]---[ 				CSS LARGE
[07-07-2015 @ 12:42:49]--[INFO]---[ 				HTML
[07-07-2015 @ 12:42:50]--[INFO]---[                             RELEASE HASH --[ 837b9f8305b514a5fe282940bb082d2f ]--> UPLOADED TO CORE

[07-07-2015 @ 12:42:50]--[INFO]---[ <<<< WAITING FOR TRANSACTIONS >>>

[07-07-2015 @ 12:43:10]--[ERROR]--[ CORE EVENT : {"type":"clientConnect","msg":"Device has Connected","data":{"platform":"Android","uuid":"73e10b7ce45fbe83","version":true,"dims":{"h":1024,"w":575}}}
